#-----------------------------------------------------------
# Vivado v2019.1 (64-bit)
# SW Build 2552052 on Fri May 24 14:49:42 MDT 2019
# IP Build 2548770 on Fri May 24 18:01:18 MDT 2019
# Start of session at: Thu Sep 23 14:58:31 2021
# Process ID: 6240
# Current directory: D:/GITEA/IP_cores/LIB/DifferentialSignal
# Command line: vivado.exe -gui_launcher_event rodinguilauncherevent5548 D:\GITEA\IP_cores\LIB\DifferentialSignal\DifferentialSignal.xpr
# Log file: D:/GITEA/IP_cores/LIB/DifferentialSignal/vivado.log
# Journal file: D:/GITEA/IP_cores/LIB/DifferentialSignal\vivado.jou
#-----------------------------------------------------------
start_gui
open_project D:/GITEA/IP_cores/LIB/DifferentialSignal/DifferentialSignal.xpr
Scanning sources...
Finished scanning sources
INFO: [IP_Flow 19-234] Refreshing IP repositories
INFO: [IP_Flow 19-1704] No user IP repositories specified
INFO: [IP_Flow 19-2313] Loaded Vivado IP repository 'D:/Xilinx/Vivado/2019.1/data/ip'.
open_project: Time (s): cpu = 00:00:11 ; elapsed = 00:00:05 . Memory (MB): peak = 824.430 ; gain = 148.504
update_compile_order -fileset sources_1
launch_runs impl_1 -jobs 4
[Thu Sep 23 15:01:00 2021] Launched impl_1...
Run output will be captured here: D:/GITEA/IP_cores/LIB/DifferentialSignal/DifferentialSignal.runs/impl_1/runme.log
exit
INFO: [Common 17-206] Exiting Vivado at Thu Sep 23 15:05:00 2021...
