#-----------------------------------------------------------
# Vivado v2019.1 (64-bit)
# SW Build 2552052 on Fri May 24 14:49:42 MDT 2019
# IP Build 2548770 on Fri May 24 18:01:18 MDT 2019
# Start of session at: Thu Sep 23 15:09:22 2021
# Process ID: 13968
# Current directory: D:/GITEA/IP_cores/LIB/DifferentialSignal
# Command line: vivado.exe -gui_launcher_event rodinguilauncherevent10592 D:\GITEA\IP_cores\LIB\DifferentialSignal\DifferentialSignal.xpr
# Log file: D:/GITEA/IP_cores/LIB/DifferentialSignal/vivado.log
# Journal file: D:/GITEA/IP_cores/LIB/DifferentialSignal\vivado.jou
#-----------------------------------------------------------
start_gui
open_project D:/GITEA/IP_cores/LIB/DifferentialSignal/DifferentialSignal.xpr
Scanning sources...
Finished scanning sources
INFO: [IP_Flow 19-234] Refreshing IP repositories
INFO: [IP_Flow 19-1704] No user IP repositories specified
INFO: [IP_Flow 19-2313] Loaded Vivado IP repository 'D:/Xilinx/Vivado/2019.1/data/ip'.
open_project: Time (s): cpu = 00:00:13 ; elapsed = 00:00:06 . Memory (MB): peak = 842.078 ; gain = 167.727
update_compile_order -fileset sources_1
ipx::package_project -root_dir d:/gitea/ip_cores/lib/differentialsignal/differentialsignal.srcs/sources_1/new -vendor setcorp -library user -taxonomy /UserIP
INFO: [IP_Flow 19-2181] Payment Required is not set for this core.
INFO: [IP_Flow 19-2187] The Product Guide file is missing.
set_property core_revision 2 [ipx::current_core]
ipx::create_xgui_files [ipx::current_core]
ipx::update_checksums [ipx::current_core]
ipx::save_core [ipx::current_core]
set_property  ip_repo_paths  d:/gitea/ip_cores/lib/differentialsignal/differentialsignal.srcs/sources_1/new [current_project]
update_ip_catalog
INFO: [IP_Flow 19-234] Refreshing IP repositories
INFO: [IP_Flow 19-1700] Loaded user IP repository 'd:/gitea/ip_cores/lib/differentialsignal/differentialsignal.srcs/sources_1/new'.
exit
INFO: [Common 17-206] Exiting Vivado at Thu Sep 23 15:11:10 2021...
