#-----------------------------------------------------------
# Vivado v2019.1 (64-bit)
# SW Build 2552052 on Fri May 24 14:49:42 MDT 2019
# IP Build 2548770 on Fri May 24 18:01:18 MDT 2019
# Start of session at: Thu Jun 10 17:01:01 2021
# Process ID: 12688
# Current directory: D:/GITEA/UPzynq20_test/IP/LIB/Inverter_3lvl
# Command line: vivado.exe -gui_launcher_event rodinguilauncherevent16188 D:\GITEA\UPzynq20_test\IP\LIB\Inverter_3lvl\Inverter_3lvl.xpr
# Log file: D:/GITEA/UPzynq20_test/IP/LIB/Inverter_3lvl/vivado.log
# Journal file: D:/GITEA/UPzynq20_test/IP/LIB/Inverter_3lvl\vivado.jou
#-----------------------------------------------------------
start_gui
open_project D:/GITEA/UPzynq20_test/IP/LIB/Inverter_3lvl/Inverter_3lvl.xpr
Scanning sources...
Finished scanning sources
INFO: [IP_Flow 19-234] Refreshing IP repositories
INFO: [IP_Flow 19-1700] Loaded user IP repository 'd:/GITEA/UPzynq20_test/IP'.
WARNING: [IP_Flow 19-3656] If you move the project, the path for repository 'd:/GITEA/UPzynq20_test/IP' may become invalid. A better location for the repository would be in a path adjacent to the project. (Current project location is 'd:/GITEA/UPzynq20_test/IP/LIB/Inverter_3lvl'.)
INFO: [IP_Flow 19-2313] Loaded Vivado IP repository 'D:/Xilinx/Vivado/2019.1/data/ip'.
open_project: Time (s): cpu = 00:00:15 ; elapsed = 00:00:08 . Memory (MB): peak = 885.512 ; gain = 246.637
update_compile_order -fileset sources_1
open_bd_design {D:/GITEA/UPzynq20_test/IP/LIB/Inverter_3lvl/Inverter_3lvl.srcs/sources_1/bd/Inverter_3lvl/Inverter_3lvl.bd}
Adding component instance block -- setcorp:user:BUS_16IN:1.0 - BUS_16IN_0
Adding component instance block -- setcorp:user:BUS_16IN:1.0 - BUS_16IN_1
Adding component instance block -- setcorp:user:BUS_16OUT:1.0 - BUS_16OUT_0
Adding component instance block -- setcorp:user:BUS_16OUT:1.0 - BUS_16OUT_1
Adding component instance block -- setcorp:user:BUS_16OUT:1.0 - BUS_16OUT_2
Adding component instance block -- ssevendenergy.com:user:P0N_3lvl:1.0 - P0N_3lvl_0
Adding component instance block -- ssevendenergy.com:user:P0N_3lvl:1.0 - P0N_3lvl_3
Adding component instance block -- ssevendenergy.com:user:P0N_3lvl:1.0 - P0N_3lvl_4
Adding component instance block -- ssevendenergy.com:user:P0N_3lvl:1.0 - P0N_3lvl_5
Adding component instance block -- ssevendenergy.com:user:P0N_3lvl:1.0 - P0N_3lvl_6
Adding component instance block -- ssevendenergy.com:user:P0N_3lvl:1.0 - P0N_3lvl_7
Adding component instance block -- ssevendenergy.com:user:P0N_3lvl:1.0 - P0N_3lvl_1
Adding component instance block -- ssevendenergy.com:user:P0N_3lvl:1.0 - P0N_3lvl_2
Successfully read diagram <Inverter_3lvl> from BD file <D:/GITEA/UPzynq20_test/IP/LIB/Inverter_3lvl/Inverter_3lvl.srcs/sources_1/bd/Inverter_3lvl/Inverter_3lvl.bd>
open_bd_design {D:/GITEA/UPzynq20_test/IP/LIB/Inverter_3lvl/Inverter_3lvl.srcs/sources_1/bd/Inverter_3lvl/Inverter_3lvl.bd}
ipx::edit_ip_in_project -upgrade true -name P0N_3lvl_v1_0_project -directory D:/GITEA/UPzynq20_test/IP/LIB/Inverter_3lvl/Inverter_3lvl.tmp/P0N_3lvl_v1_0_project d:/GITEA/UPzynq20_test/IP/LIB/P0N_3lvl/P0N_3lvl/P0N_3lvl.srcs/sources_1/new/component.xml
INFO: [ProjectBase 1-489] The host OS only allows 260 characters in a normal path. The project is stored in a path with more than 80 characters. If you experience issues with IP, Block Designs, or files not being found, please consider moving the project to a location with a shorter path. Alternately consider using the OS subst command to map part of the path to a drive letter.
Current project path is 'd:/gitea/upzynq20_test/ip/lib/inverter_3lvl/inverter_3lvl.tmp/p0n_3lvl_v1_0_project'
INFO: [IP_Flow 19-234] Refreshing IP repositories
INFO: [IP_Flow 19-1704] No user IP repositories specified
INFO: [IP_Flow 19-2313] Loaded Vivado IP repository 'D:/Xilinx/Vivado/2019.1/data/ip'.
INFO: [IP_Flow 19-234] Refreshing IP repositories
INFO: [IP_Flow 19-1700] Loaded user IP repository 'd:/GITEA/UPzynq20_test/IP'.
INFO: [IP_Flow 19-795] Syncing license key meta-data
ipx::edit_ip_in_project: Time (s): cpu = 00:00:12 ; elapsed = 00:00:06 . Memory (MB): peak = 1048.527 ; gain = 14.676
update_compile_order -fileset sources_1
close_project
exit
INFO: [Common 17-206] Exiting Vivado at Thu Jun 10 17:05:11 2021...
