#-----------------------------------------------------------
# Vivado v2019.1 (64-bit)
# SW Build 2552052 on Fri May 24 14:49:42 MDT 2019
# IP Build 2548770 on Fri May 24 18:01:18 MDT 2019
# Start of session at: Thu Jun 10 15:59:54 2021
# Process ID: 3732
# Current directory: D:/GITEA/UPzynq20_test/IP/LIB/Inverter_3lvl
# Command line: vivado.exe -gui_launcher_event rodinguilauncherevent11600 D:\GITEA\UPzynq20_test\IP\LIB\Inverter_3lvl\Inverter_3lvl.xpr
# Log file: D:/GITEA/UPzynq20_test/IP/LIB/Inverter_3lvl/vivado.log
# Journal file: D:/GITEA/UPzynq20_test/IP/LIB/Inverter_3lvl\vivado.jou
#-----------------------------------------------------------
start_gui
open_project D:/GITEA/UPzynq20_test/IP/LIB/Inverter_3lvl/Inverter_3lvl.xpr
Scanning sources...
Finished scanning sources
INFO: [IP_Flow 19-234] Refreshing IP repositories
INFO: [IP_Flow 19-1700] Loaded user IP repository 'd:/GITEA/UPzynq20_test/IP'.
WARNING: [IP_Flow 19-3656] If you move the project, the path for repository 'd:/GITEA/UPzynq20_test/IP' may become invalid. A better location for the repository would be in a path adjacent to the project. (Current project location is 'd:/GITEA/UPzynq20_test/IP/LIB/Inverter_3lvl'.)
INFO: [IP_Flow 19-2313] Loaded Vivado IP repository 'D:/Xilinx/Vivado/2019.1/data/ip'.
open_project: Time (s): cpu = 00:00:16 ; elapsed = 00:00:08 . Memory (MB): peak = 845.281 ; gain = 169.953
update_compile_order -fileset sources_1
open_bd_design {D:/GITEA/UPzynq20_test/IP/LIB/Inverter_3lvl/Inverter_3lvl.srcs/sources_1/bd/Inverter_3lvl/Inverter_3lvl.bd}
Adding component instance block -- setcorp:user:BUS_16IN:1.0 - BUS_16IN_0
Adding component instance block -- setcorp:user:BUS_16IN:1.0 - BUS_16IN_1
Adding component instance block -- setcorp:user:BUS_16OUT:1.0 - BUS_16OUT_0
Adding component instance block -- setcorp:user:BUS_16OUT:1.0 - BUS_16OUT_1
Adding component instance block -- setcorp:user:BUS_16OUT:1.0 - BUS_16OUT_2
Adding component instance block -- ssevendenergy.com:user:P0N_3lvl:1.0 - P0N_3lvl_0
Adding component instance block -- ssevendenergy.com:user:P0N_3lvl:1.0 - P0N_3lvl_3
Adding component instance block -- ssevendenergy.com:user:P0N_3lvl:1.0 - P0N_3lvl_4
Adding component instance block -- ssevendenergy.com:user:P0N_3lvl:1.0 - P0N_3lvl_5
Adding component instance block -- ssevendenergy.com:user:P0N_3lvl:1.0 - P0N_3lvl_6
Adding component instance block -- ssevendenergy.com:user:P0N_3lvl:1.0 - P0N_3lvl_7
Adding component instance block -- ssevendenergy.com:user:P0N_3lvl:1.0 - P0N_3lvl_1
Adding component instance block -- ssevendenergy.com:user:P0N_3lvl:1.0 - P0N_3lvl_2
Successfully read diagram <Inverter_3lvl> from BD file <D:/GITEA/UPzynq20_test/IP/LIB/Inverter_3lvl/Inverter_3lvl.srcs/sources_1/bd/Inverter_3lvl/Inverter_3lvl.bd>
exit
INFO: [Common 17-206] Exiting Vivado at Thu Jun 10 16:02:18 2021...
