#-----------------------------------------------------------
# Vivado v2019.1 (64-bit)
# SW Build 2552052 on Fri May 24 14:49:42 MDT 2019
# IP Build 2548770 on Fri May 24 18:01:18 MDT 2019
# Start of session at: Thu Sep 23 14:12:11 2021
# Process ID: 13032
# Current directory: D:/GITEA/IP_cores/LIB/BUS_16IN
# Command line: vivado.exe -gui_launcher_event rodinguilauncherevent9616 D:\GITEA\IP_cores\LIB\BUS_16IN\BUS_16IN.xpr
# Log file: D:/GITEA/IP_cores/LIB/BUS_16IN/vivado.log
# Journal file: D:/GITEA/IP_cores/LIB/BUS_16IN\vivado.jou
#-----------------------------------------------------------
start_gui
open_project D:/GITEA/IP_cores/LIB/BUS_16IN/BUS_16IN.xpr
INFO: [Project 1-313] Project file moved from 'D:/Projects/IP/LIB/BUS_16IN' since last save.
Scanning sources...
Finished scanning sources
WARNING: [filemgmt 56-2] IPUserFilesDir: Could not find the directory 'D:/GITEA/IP_cores/LIB/BUS_16IN/BUS_16IN.ip_user_files', nor could it be found using path 'D:/Projects/IP/LIB/BUS_16IN/BUS_16IN.ip_user_files'.
INFO: [IP_Flow 19-234] Refreshing IP repositories
INFO: [IP_Flow 19-1700] Loaded user IP repository 'd:/GITEA/IP_cores/LIB/BUS_16IN/BUS_16IN.srcs/sources_1/new'.
INFO: [IP_Flow 19-2313] Loaded Vivado IP repository 'D:/Xilinx/Vivado/2019.1/data/ip'.
open_project: Time (s): cpu = 00:00:12 ; elapsed = 00:00:05 . Memory (MB): peak = 828.102 ; gain = 135.199
update_compile_order -fileset sources_1
exit
INFO: [Common 17-206] Exiting Vivado at Thu Sep 23 14:56:00 2021...
